<?xml version="1.0" encoding="UTF-8"?>
<!-- Generated by org.testng.reporters.JUnitReportReporter -->
<testsuite skipped="1" hostname="Sanket-PC" name="com.research.smoke.surveypage.SurveyPage_TC" tests="1" failures="0" timestamp="25 Nov 2020 14:50:15 GMT" time="0.016" errors="0">
  <testcase name="Smoke_TC1" time="0.016" classname="com.research.smoke.surveypage.SurveyPage_TC">
    <skipped/>
  </testcase> <!-- Smoke_TC1 -->
</testsuite> <!-- com.research.smoke.surveypage.SurveyPage_TC -->
