<?xml version="1.0" encoding="UTF-8"?>
<!-- Generated by org.testng.reporters.JUnitReportReporter -->
<testsuite skipped="0" hostname="Sanket-PC" name="com.research.smoke.smxpage.SMXPage_TC" tests="1" failures="0" timestamp="25 Nov 2020 15:14:38 GMT" time="404.598" errors="0">
  <testcase name="Smoke_TC2" time="404.598" classname="com.research.smoke.smxpage.SMXPage_TC"/>
</testsuite> <!-- com.research.smoke.smxpage.SMXPage_TC -->
