<?xml version="1.0" encoding="UTF-8"?>
<!-- Generated by org.testng.reporters.JUnitReportReporter -->
<testsuite hostname="ggolatkarbm1072" failures="0" tests="1" name="com.sogo.api.EmailRead" time="5.525" errors="0" timestamp="14 Jan 2021 07:11:56 GMT" skipped="0">
  <testcase classname="com.sogo.api.EmailRead" name="main1" time="5.525"/>
</testsuite> <!-- com.sogo.api.EmailRead -->
