<?xml version="1.0" encoding="UTF-8"?>
<!-- Generated by org.testng.reporters.JUnitReportReporter -->
<testsuite hostname="ggolatkarbm1072" failures="0" tests="1" name="com.sogo.smoke.surveypage.APIGetSurveyURL" time="3.958" errors="0" timestamp="25 Dec 2020 12:18:00 GMT" skipped="0">
  <testcase classname="com.sogo.smoke.surveypage.APIGetSurveyURL" name="mytest" time="3.958"/>
</testsuite> <!-- com.sogo.smoke.surveypage.APIGetSurveyURL -->
