<?xml version="1.0" encoding="UTF-8"?>
<!-- Generated by org.testng.reporters.JUnitReportReporter -->
<testsuite hostname="ggolatkarbm1072" failures="0" tests="1" name="com.sogo.smoke.smxpage.SMXPage_TC" time="452.604" errors="0" timestamp="18 Jan 2021 10:41:31 GMT" skipped="0">
  <testcase classname="com.sogo.smoke.smxpage.SMXPage_TC" name="Smoke_TC2" time="452.604"/>
</testsuite> <!-- com.sogo.smoke.smxpage.SMXPage_TC -->
