<?xml version="1.0" encoding="UTF-8"?>
<!-- Generated by org.testng.reporters.JUnitReportReporter -->
<testsuite hostname="ggolatkarbm1072" failures="0" tests="1" name="com.research.smoke.smxpage.SMXPage_TC" time="500.829" errors="0" timestamp="18 Jan 2021 10:15:36 GMT" skipped="0">
  <testcase classname="com.research.smoke.smxpage.SMXPage_TC" name="Smoke_TC2" time="500.829"/>
</testsuite> <!-- com.research.smoke.smxpage.SMXPage_TC -->
